<?xml version="1.0" encoding="UTF-8"?>
<!-- Generated by org.testng.reporters.JUnitXMLReporter -->
<testsuite hostname="TK-AM" ignored="0" name="Run on Chrome" tests="24" failures="1" timestamp="14 Apr 2021 08:16:04 GMT" time="216.575" errors="0">
  <testcase name="@BeforeClass beforeClass" time="43.89" classname="com.bankguru.account.Account_04_Mini_Statement">
    <failure type="org.openqa.selenium.WebDriverException" message="unknown error: net::ERR_CONNECTION_TIMED_OUT
  (Session info: chrome=89.0.4389.114)
Build info: version: &amp;apos;3.141.59&amp;apos;, revision: &amp;apos;e82be7d358&amp;apos;, time: &amp;apos;2018-11-14T08:17:03&amp;apos;
System info: host: &amp;apos;TK-AM&amp;apos;, ip: &amp;apos;192.168.0.104&amp;apos;, os.name: &amp;apos;Windows 10&amp;apos;, os.arch: &amp;apos;amd64&amp;apos;, os.version: &amp;apos;10.0&amp;apos;, java.version: &amp;apos;1.8.0_271&amp;apos;
Driver info: org.openqa.selenium.chrome.ChromeDriver
Capabilities {acceptInsecureCerts: false, browserName: chrome, browserVersion: 89.0.4389.114, chrome: {chromedriverVersion: 89.0.4389.23 (61b08ee2c5002..., userDataDir: C:\Users\hp\AppData\Local\T...}, goog:chromeOptions: {debuggerAddress: localhost:63838}, javascriptEnabled: true, networkConnectionEnabled: false, pageLoadStrategy: normal, platform: WINDOWS, platformName: WINDOWS, proxy: Proxy(), setWindowRect: true, strictFileInteractability: false, timeouts: {implicit: 0, pageLoad: 300000, script: 30000}, unhandledPromptBehavior: dismiss and notify, webauthn:extension:largeBlob: true, webauthn:virtualAuthenticators: true}
Session ID: 67109ae3067cb277bf4575f3fee57290">
      <![CDATA[org.openqa.selenium.WebDriverException: unknown error: net::ERR_CONNECTION_TIMED_OUT
  (Session info: chrome=89.0.4389.114)
Build info: version: '3.141.59', revision: 'e82be7d358', time: '2018-11-14T08:17:03'
System info: host: 'TK-AM', ip: '192.168.0.104', os.name: 'Windows 10', os.arch: 'amd64', os.version: '10.0', java.version: '1.8.0_271'
Driver info: org.openqa.selenium.chrome.ChromeDriver
Capabilities {acceptInsecureCerts: false, browserName: chrome, browserVersion: 89.0.4389.114, chrome: {chromedriverVersion: 89.0.4389.23 (61b08ee2c5002..., userDataDir: C:\Users\hp\AppData\Local\T...}, goog:chromeOptions: {debuggerAddress: localhost:63838}, javascriptEnabled: true, networkConnectionEnabled: false, pageLoadStrategy: normal, platform: WINDOWS, platformName: WINDOWS, proxy: Proxy(), setWindowRect: true, strictFileInteractability: false, timeouts: {implicit: 0, pageLoad: 300000, script: 30000}, unhandledPromptBehavior: dismiss and notify, webauthn:extension:largeBlob: true, webauthn:virtualAuthenticators: true}
Session ID: 67109ae3067cb277bf4575f3fee57290
at org.openqa.selenium.remote.http.W3CHttpResponseCodec.createException(W3CHttpResponseCodec.java:187)
at org.openqa.selenium.remote.http.W3CHttpResponseCodec.decode(W3CHttpResponseCodec.java:122)
at org.openqa.selenium.remote.http.W3CHttpResponseCodec.decode(W3CHttpResponseCodec.java:49)
at org.openqa.selenium.remote.HttpCommandExecutor.execute(HttpCommandExecutor.java:158)
at org.openqa.selenium.remote.service.DriverCommandExecutor.execute(DriverCommandExecutor.java:83)
at org.openqa.selenium.remote.RemoteWebDriver.execute(RemoteWebDriver.java:552)
at org.openqa.selenium.remote.RemoteWebDriver.get(RemoteWebDriver.java:277)
at commons.BaseTest.getBrowserDriver(BaseTest.java:45)
at com.bankguru.account.Account_04_Mini_Statement.beforeClass(Account_04_Mini_Statement.java:24)
... Removed 30 stack frames]]>
    </failure>
  </testcase> <!-- @BeforeClass beforeClass -->
  <testcase name="@AfterClass afterClass" time="0.0" classname="com.bankguru.account.Account_04_Mini_Statement">
    <skipped/>
  </testcase> <!-- @AfterClass afterClass -->
  <testcase name="New_Customer_01_Verify_Name_Field" time="1.953" classname="com.bankguru.customer.Customer_01_New_Customer"/>
  <testcase name="New_Customer_02_Verify_Address_Field" time="0.503" classname="com.bankguru.customer.Customer_01_New_Customer"/>
  <testcase name="New_Customer_03_Verify_City_Field" time="1.266" classname="com.bankguru.customer.Customer_01_New_Customer"/>
  <testcase name="New_Customer_04_Verify_State_Field" time="1.244" classname="com.bankguru.customer.Customer_01_New_Customer"/>
  <testcase name="New_Customer_05_Verify_PIN_Field" time="1.597" classname="com.bankguru.customer.Customer_01_New_Customer"/>
  <testcase name="New_Customer_06_Verify_Telephone_Field" time="1.261" classname="com.bankguru.customer.Customer_01_New_Customer"/>
  <testcase name="New_Customer_07_Verify_Email_Field" time="1.421" classname="com.bankguru.customer.Customer_01_New_Customer"/>
  <testcase name="New_Customer_08_Verify_All_Field_Requirement" time="5.214" classname="com.bankguru.customer.Customer_01_New_Customer"/>
  <testcase name="New_Customer_09_New_Customer_With_Valid_Data" time="4.12" classname="com.bankguru.customer.Customer_01_New_Customer"/>
  <testcase name="Edit_Customer_01_Verify_CustomerID" time="1.955" classname="com.bankguru.customer.Customer_02_Edit_Customer"/>
  <testcase name="Edit_Customer_02_Verify_Address_Field" time="2.174" classname="com.bankguru.customer.Customer_02_Edit_Customer"/>
  <testcase name="Edit_Customer_03_Verify_City_Field" time="1.086" classname="com.bankguru.customer.Customer_02_Edit_Customer"/>
  <testcase name="Edit_Customer_04_Verify_State_Field" time="1.07" classname="com.bankguru.customer.Customer_02_Edit_Customer"/>
  <testcase name="Edit_Customer_05_Verify_PIN_Field" time="1.079" classname="com.bankguru.customer.Customer_02_Edit_Customer"/>
  <testcase name="Edit_Customer_06_Verify_Telephone_Field" time="0.719" classname="com.bankguru.customer.Customer_02_Edit_Customer"/>
  <testcase name="Edit_Customer_07_Verify_Email_Field" time="1.108" classname="com.bankguru.customer.Customer_02_Edit_Customer"/>
  <testcase name="Edit_Customer_08_Edit_With_Valid_Value" time="3.516" classname="com.bankguru.customer.Customer_02_Edit_Customer"/>
  <testcase name="New_Account_01_Verify_Customer_ID" time="2.211" classname="com.bankguru.account.Account_01_New_Account"/>
  <testcase name="New_Account_02_Verify_Intial_Deposit" time="1.433" classname="com.bankguru.account.Account_01_New_Account"/>
  <testcase name="New_Account_03_New_Account_With_Valid_Data" time="3.99" classname="com.bankguru.account.Account_01_New_Account"/>
  <testcase name="Edit_Account_01_Verify_Account_Number" time="2.57" classname="com.bankguru.account.Account_02_Edit_Account"/>
  <testcase name="Edit_Account_02_Verify_Balance" time="86.553" classname="com.bankguru.account.Account_02_Edit_Account">
    <failure type="org.openqa.selenium.TimeoutException" message="Expected condition failed: waiting for visibility of element located by By.xpath: //p[@class=&amp;apos;heading3&amp;apos;] (tried for 10 second(s) with 500 milliseconds interval)">
      <![CDATA[org.openqa.selenium.TimeoutException: Expected condition failed: waiting for visibility of element located by By.xpath: //p[@class='heading3'] (tried for 10 second(s) with 500 milliseconds interval)
at org.openqa.selenium.support.ui.WebDriverWait.timeoutException(WebDriverWait.java:95)
at org.openqa.selenium.support.ui.FluentWait.until(FluentWait.java:272)
at commons.BasePage.waitForElementVisible(BasePage.java:456)
at commons.BasePage.getHeadingMessage(BasePage.java:814)
at com.bankguru.account.Account_02_Edit_Account.Edit_Account_02_Verify_Balance(Account_02_Edit_Account.java:97)
Caused by: org.openqa.selenium.NoSuchElementException: no such element: Unable to locate element: {"method":"xpath","selector":"//p[@class='heading3']"}
  (Session info: chrome=89.0.4389.114)
For documentation on this error, please visit: https://www.seleniumhq.org/exceptions/no_such_element.html
Build info: version: '3.141.59', revision: 'e82be7d358', time: '2018-11-14T08:17:03'
System info: host: 'TK-AM', ip: '192.168.0.104', os.name: 'Windows 10', os.arch: 'amd64', os.version: '10.0', java.version: '1.8.0_271'
Driver info: org.openqa.selenium.chrome.ChromeDriver
Capabilities {acceptInsecureCerts: false, browserName: chrome, browserVersion: 89.0.4389.114, chrome: {chromedriverVersion: 89.0.4389.23 (61b08ee2c5002..., userDataDir: C:\Users\hp\AppData\Local\T...}, goog:chromeOptions: {debuggerAddress: localhost:63692}, javascriptEnabled: true, networkConnectionEnabled: false, pageLoadStrategy: normal, platform: WINDOWS, platformName: WINDOWS, proxy: Proxy(), setWindowRect: true, strictFileInteractability: false, timeouts: {implicit: 0, pageLoad: 300000, script: 30000}, unhandledPromptBehavior: dismiss and notify, webauthn:extension:largeBlob: true, webauthn:virtualAuthenticators: true}
Session ID: 09e66602e686b583ab9cdcf1b063fd6f
*** Element info: {Using=xpath, value=//p[@class='heading3']}
at org.openqa.selenium.remote.http.W3CHttpResponseCodec.createException(W3CHttpResponseCodec.java:187)
at org.openqa.selenium.remote.http.W3CHttpResponseCodec.decode(W3CHttpResponseCodec.java:122)
at org.openqa.selenium.remote.http.W3CHttpResponseCodec.decode(W3CHttpResponseCodec.java:49)
at org.openqa.selenium.remote.HttpCommandExecutor.execute(HttpCommandExecutor.java:158)
at org.openqa.selenium.remote.service.DriverCommandExecutor.execute(DriverCommandExecutor.java:83)
at org.openqa.selenium.remote.RemoteWebDriver.execute(RemoteWebDriver.java:552)
at org.openqa.selenium.remote.RemoteWebDriver.findElement(RemoteWebDriver.java:323)
at org.openqa.selenium.remote.RemoteWebDriver.findElementByXPath(RemoteWebDriver.java:428)
at org.openqa.selenium.By$ByXPath.findElement(By.java:353)
at org.openqa.selenium.remote.RemoteWebDriver.findElement(RemoteWebDriver.java:315)
at org.openqa.selenium.support.ui.ExpectedConditions$7.apply(ExpectedConditions.java:205)
at org.openqa.selenium.support.ui.ExpectedConditions$7.apply(ExpectedConditions.java:201)
at org.openqa.selenium.support.ui.FluentWait.until(FluentWait.java:249)
... 28 more
... Removed 29 stack frames]]>
    </failure>
  </testcase> <!-- Edit_Account_02_Verify_Balance -->
  <testcase name="Mini_Statement_01_Verify_Account_No" time="0.0" classname="com.bankguru.account.Account_04_Mini_Statement">
    <skipped/>
  </testcase> <!-- Mini_Statement_01_Verify_Account_No -->
  <testcase name="Mini_Statement_02_Verify_Data_Table" time="0.0" classname="com.bankguru.account.Account_04_Mini_Statement">
    <skipped/>
  </testcase> <!-- Mini_Statement_02_Verify_Data_Table -->
</testsuite> <!-- Run on Chrome -->
